Backup/QuizApp2/app/build/intermediates/manifest_merge_blame_file/debug/manifest-merger-blame-debug-report.txt
1<?xml version="1.0" encoding="utf-8"?>
2<manifest xmlns:android="http://schemas.android.com/apk/res/android"
3    package="com.example.quizapp"
4    android:versionCode="1"
5    android:versionName="1.0" >
6
7    <uses-sdk
8        android:minSdkVersion="16"
8-->src\main\AndroidManifest.xml
9        android:targetSdkVersion="30" />
9-->src\main\AndroidManifest.xml
10
11    <application
11-->src\main\AndroidManifest.xml:5:5-44:19
12        android:allowBackup="true"
12-->src\main\AndroidManifest.xml:6:9-35
13        android:appComponentFactory="androidx.core.app.CoreComponentFactory"
13-->[androidx.core:core:1.3.2] AndroidManifest.xml:24:18-86
14        android:debuggable="true"
15        android:icon="@mipmap/ic_launcher"
15-->src\main\AndroidManifest.xml:7:9-43
16        android:label="@string/app_name"
16-->src\main\AndroidManifest.xml:8:9-41
17        android:roundIcon="@mipmap/ic_launcher_round"
17-->src\main\AndroidManifest.xml:9:9-54
18        android:supportsRtl="true"
18-->src\main\AndroidManifest.xml:10:9-35
19        android:testOnly="true"
20        android:theme="@style/Theme.QuizApp" >
20-->src\main\AndroidManifest.xml:11:9-45
21        <activity
21-->src\main\AndroidManifest.xml:12:9-16:15
22            android:name="com.example.quizapp.QuizUitslag"
22-->src\main\AndroidManifest.xml:13:13-40
23            android:screenOrientation="portrait"
23-->src\main\AndroidManifest.xml:14:13-49
24            android:theme="@style/Fullscreen" />
24-->src\main\AndroidManifest.xml:15:13-46
25        <activity
25-->src\main\AndroidManifest.xml:17:9-20:49
26            android:name="com.example.quizapp.MuziekQuiz"
26-->src\main\AndroidManifest.xml:18:13-39
27            android:screenOrientation="portrait"
27-->src\main\AndroidManifest.xml:19:13-49
28            android:theme="@style/Fullscreen" />
28-->src\main\AndroidManifest.xml:20:13-46
29        <activity
29-->src\main\AndroidManifest.xml:21:9-24:49
30            android:name="com.example.quizapp.GamesQuiz"
30-->src\main\AndroidManifest.xml:22:13-38
31            android:screenOrientation="portrait"
31-->src\main\AndroidManifest.xml:23:13-49
32            android:theme="@style/Fullscreen" />
32-->src\main\AndroidManifest.xml:24:13-46
33        <activity
33-->src\main\AndroidManifest.xml:25:9-28:49
34            android:name="com.example.quizapp.GeografieQuiz"
34-->src\main\AndroidManifest.xml:26:13-42
35            android:screenOrientation="portrait"
35-->src\main\AndroidManifest.xml:27:13-49
36            android:theme="@style/Fullscreen" />
36-->src\main\AndroidManifest.xml:28:13-46
37        <activity
37-->src\main\AndroidManifest.xml:30:9-33:49
38            android:name="com.example.quizapp.QuizKeuze"
38-->src\main\AndroidManifest.xml:31:13-38
39            android:screenOrientation="portrait"
39-->src\main\AndroidManifest.xml:32:13-49
40            android:theme="@style/Fullscreen" />
40-->src\main\AndroidManifest.xml:33:13-46
41        <activity
41-->src\main\AndroidManifest.xml:34:9-43:20
42            android:name="com.example.quizapp.MainActivity"
42-->src\main\AndroidManifest.xml:35:13-41
43            android:screenOrientation="portrait"
43-->src\main\AndroidManifest.xml:36:13-49
44            android:theme="@style/Fullscreen" >
44-->src\main\AndroidManifest.xml:37:13-46
45            <intent-filter>
45-->src\main\AndroidManifest.xml:38:13-42:29
46                <action android:name="android.intent.action.MAIN" />
46-->src\main\AndroidManifest.xml:39:17-69
46-->src\main\AndroidManifest.xml:39:25-66
47
48                <category android:name="android.intent.category.LAUNCHER" />
48-->src\main\AndroidManifest.xml:41:17-77
48-->src\main\AndroidManifest.xml:41:27-74
49            </intent-filter>
50        </activity>
51    </application>
52
53</manifest>